2023-01-27T10:37:07.394Z
cwd: ~/Sites/apply-for-teacher-training-prototype
package: govuk-prototype-kit@13.2.3
argv: ~/.nvm/versions/node/v18.12.1/bin/node ~/.npm/_npx/ab0cb2c39bc0319f/node_modules/.bin/govuk-prototype-kit migrate
Started [Check migration is being applied to a pre v13 prototype]
Succeeded [Check migration is being applied to a pre v13 prototype]
2023-01-27T10:37:12.747Z
cwd: ~/Sites/apply-for-teacher-training-prototype
package: govuk-prototype-kit@13.2.3
argv: ~/.nvm/versions/node/v18.12.1/bin/node ~/Sites/apply-for-teacher-training-prototype/node_modules/.bin/govuk-prototype-kit migrate -- ~/Sites/apply-for-teacher-training-prototype
Started [Migrate config.js to config.json]
Started [Update application SCSS file]
Started [Deleted directories that are no longer needed]
Started [Deleted files that are no longer needed]
Started [Remove unused directory gulp]
Started [Remove unused directory lib]
Started [Remove unused directory docs]
Started [Remove unused directory public]
Started [Delete listen-on-port.js]
Started [Delete start.js]
Started [Delete server.js]
Started [Delete gulpfile.js]
Started [Delete VERSION.txt]
Started [Delete Procfile]
Started [Delete app/assets/sass/application-ie8.scss]
Succeeded [Migrate config.js to config.json]
Succeeded [Delete listen-on-port.js]
Succeeded [Delete server.js]
Succeeded [Delete start.js]
Succeeded [Delete gulpfile.js]
Succeeded [Delete VERSION.txt]
Succeeded [Delete Procfile]
Succeeded [Delete app/assets/sass/application-ie8.scss]
Could not found [// Add your routes here - above the module.exports line] in [app/routes.js], aborting
Started [Overwrite app/filters.js]
Succeeded [Deleted files that are no longer needed]
Started [Overwrite app/views/layout.html]
Started [Overwrite app/assets/javascripts/application.js]
Found [// Add extra styles here, or re-organise the Sass files in whichever way makes most sense to you] in [app/assets/sass/application.scss], replacing
Failed [Update routes file]
Failed [Overwrite app/filters.js]
Failed [Overwrite app/views/layout.html]
Failed [Overwrite app/assets/javascripts/application.js]
Started [Delete app/assets/javascripts/jquery-1.11.3.js]
Started [Delete app/assets/sass/unbranded.scss]
Started [Delete app/assets/javascripts/auto-store-data.js]
Started [Delete app/assets/sass/patterns/_step-by-step-header.scss]
Keeping these lines from old file
Started [Delete app/views/layout_unbranded.html]
Started [Delete app/assets/sass/patterns/_related-items.scss]
Started [Delete app/assets/sass/patterns/_step-by-step-nav.scss]
Started [Delete app/assets/sass/patterns/_step-by-step-related.scss]
Succeeded [Remove unused directory gulp]
Started [Delete app/assets/sass/patterns/_task-list.scss]
Failed [Overwrite app/filters.js]
Failed [Overwrite app/assets/javascripts/application.js]
Failed [Delete app/assets/javascripts/jquery-1.11.3.js]
Failed [Delete app/assets/javascripts/auto-store-data.js]
Succeeded [Delete app/assets/sass/unbranded.scss]
Succeeded [Delete app/views/layout_unbranded.html]
Succeeded [Delete app/assets/sass/patterns/_related-items.scss]
Succeeded [Delete app/assets/sass/patterns/_step-by-step-header.scss]
Succeeded [Delete app/assets/sass/patterns/_step-by-step-nav.scss]
Succeeded [Delete app/assets/sass/patterns/_task-list.scss]
Succeeded [Delete app/assets/sass/patterns/_step-by-step-related.scss]
Succeeded [Update application SCSS file]
Succeeded [Remove unused directory public]
Succeeded [Remove unused directory lib]
Succeeded [Remove unused directory docs]
Succeeded [Deleted directories that are no longer needed]
Started [Remove old pattern includes from application SCSS file]
Succeeded [Remove old pattern includes from application SCSS file]
Started [Remove empty directory app/assets/sass/patterns]
Succeeded [Remove empty directory app/assets/sass/patterns]
